<?xml version="1.0" encoding="UTF-8"?>
<testng-results ignored="0" total="1" passed="1" failed="0" skipped="0">
  <reporter-output>
  </reporter-output>
  <suite started-at="2024-09-15T11:03:48 IST" name="Surefire suite" finished-at="2024-09-15T11:04:08 IST" duration-ms="19648">
    <groups>
    </groups>
    <test started-at="2024-09-15T11:03:48 IST" name="Surefire test" finished-at="2024-09-15T11:04:08 IST" duration-ms="19648">
      <class name="tests.TC001.LoginIntoApplication">
        <test-method is-config="true" signature="setUp()[pri:0, instance:tests.TC001.LoginIntoApplication@22295ec4]" started-at="2024-09-15T11:03:48 IST" name="setUp" finished-at="2024-09-15T11:03:51 IST" duration-ms="2693" status="PASS">
          <reporter-output>
          </reporter-output>
        </test-method> <!-- setUp -->
        <test-method signature="TestOrangeHrm_LoginIntoApplication()[pri:0, instance:tests.TC001.LoginIntoApplication@22295ec4]" started-at="2024-09-15T11:03:51 IST" name="TestOrangeHrm_LoginIntoApplication" description="Login Into Application" finished-at="2024-09-15T11:04:07 IST" duration-ms="16653" status="PASS">
          <reporter-output>
          </reporter-output>
        </test-method> <!-- TestOrangeHrm_LoginIntoApplication -->
        <test-method is-config="true" signature="tearDown()[pri:0, instance:tests.TC001.LoginIntoApplication@22295ec4]" started-at="2024-09-15T11:04:07 IST" name="tearDown" finished-at="2024-09-15T11:04:08 IST" duration-ms="248" status="PASS">
          <reporter-output>
          </reporter-output>
        </test-method> <!-- tearDown -->
      </class> <!-- tests.TC001.LoginIntoApplication -->
    </test> <!-- Surefire test -->
  </suite> <!-- Surefire suite -->
</testng-results>
