<?xml version="1.0" encoding="UTF-8"?>
<testsuite xmlns:xsi="http://www.w3.org/2001/XMLSchema-instance" xsi:noNamespaceSchemaLocation="https://maven.apache.org/surefire/maven-surefire-plugin/xsd/surefire-test-report-3.0.xsd" version="3.0" name="tests.TC001.LoginIntoApplication" time="20.752" tests="1" errors="0" skipped="0" failures="0">
  <properties>
[...]
</properties>
  <testcase name="TestOrangeHrm_LoginIntoApplication" classname="tests.TC001.LoginIntoApplication" time="16.648">
    <system-out><![CDATA[11:03:48.444 [main] INFO  tests.BaseTest - Local driver initialization
11:03:48.500 [main] WARN  io.github.bonigarcia.wdm.WebDriverManager - Exception deleting driver cache at C:\Users\Srikrushna Kumar\.cache\selenium
org.apache.commons.io.IOExceptionList: 1 exception(s): [org.apache.commons.io.IOIndexedException: IOException #0: Cannot delete file: C:\Users\Srikrushna Kumar\.cache\selenium\chromedriver]
	at org.apache.commons.io.IOExceptionList.checkEmpty(IOExceptionList.java:50) ~[commons-io-2.15.1.jar:2.15.1]
	at org.apache.commons.io.function.IOStream.forAll(IOStream.java:359) ~[commons-io-2.15.1.jar:2.15.1]
	at org.apache.commons.io.function.IOStreams.forAll(IOStreams.java:42) ~[commons-io-2.15.1.jar:2.15.1]
	at org.apache.commons.io.function.IOStreams.forAll(IOStreams.java:36) ~[commons-io-2.15.1.jar:2.15.1]
	at org.apache.commons.io.function.IOConsumer.forAll(IOConsumer.java:80) ~[commons-io-2.15.1.jar:2.15.1]
	at org.apache.commons.io.FileUtils.cleanDirectory(FileUtils.java:334) ~[commons-io-2.15.1.jar:2.15.1]
	at io.github.bonigarcia.wdm.WebDriverManager.clearDriverCache(WebDriverManager.java:840) ~[webdrivermanager-5.6.4.jar:?]
	at tests.BaseTest.setCustomDriver(BaseTest.java:147) ~[test-classes/:?]
	at tests.BaseTest.setUp(BaseTest.java:92) ~[test-classes/:?]
	at jdk.internal.reflect.NativeMethodAccessorImpl.invoke0(Native Method) ~[?:?]
	at jdk.internal.reflect.NativeMethodAccessorImpl.invoke(NativeMethodAccessorImpl.java:77) ~[?:?]
	at jdk.internal.reflect.DelegatingMethodAccessorImpl.invoke(DelegatingMethodAccessorImpl.java:43) ~[?:?]
	at java.lang.reflect.Method.invoke(Method.java:568) ~[?:?]
	at org.testng.internal.invokers.MethodInvocationHelper.invokeMethod(MethodInvocationHelper.java:139) ~[testng-7.7.1.jar:7.7.1]
	at org.testng.internal.invokers.MethodInvocationHelper.invokeMethodConsideringTimeout(MethodInvocationHelper.java:69) ~[testng-7.7.1.jar:7.7.1]
	at org.testng.internal.invokers.ConfigInvoker.invokeConfigurationMethod(ConfigInvoker.java:361) ~[testng-7.7.1.jar:7.7.1]
	at org.testng.internal.invokers.ConfigInvoker.invokeConfigurations(ConfigInvoker.java:296) ~[testng-7.7.1.jar:7.7.1]
	at org.testng.internal.invokers.TestInvoker.runConfigMethods(TestInvoker.java:823) ~[testng-7.7.1.jar:7.7.1]
	at org.testng.internal.invokers.TestInvoker.invokeMethod(TestInvoker.java:590) ~[testng-7.7.1.jar:7.7.1]
	at org.testng.internal.invokers.TestInvoker.invokeTestMethod(TestInvoker.java:221) ~[testng-7.7.1.jar:7.7.1]
	at org.testng.internal.invokers.MethodRunner.runInSequence(MethodRunner.java:50) ~[testng-7.7.1.jar:7.7.1]
	at org.testng.internal.invokers.TestInvoker$MethodInvocationAgent.invoke(TestInvoker.java:969) ~[testng-7.7.1.jar:7.7.1]
	at org.testng.internal.invokers.TestInvoker.invokeTestMethods(TestInvoker.java:194) ~[testng-7.7.1.jar:7.7.1]
	at org.testng.internal.invokers.TestMethodWorker.invokeTestMethods(TestMethodWorker.java:148) ~[testng-7.7.1.jar:7.7.1]
	at org.testng.internal.invokers.TestMethodWorker.run(TestMethodWorker.java:128) ~[testng-7.7.1.jar:7.7.1]
	at java.util.ArrayList.forEach(ArrayList.java:1511) ~[?:?]
	at org.testng.TestRunner.privateRun(TestRunner.java:829) ~[testng-7.7.1.jar:7.7.1]
	at org.testng.TestRunner.run(TestRunner.java:602) ~[testng-7.7.1.jar:7.7.1]
	at org.testng.SuiteRunner.runTest(SuiteRunner.java:437) ~[testng-7.7.1.jar:7.7.1]
	at org.testng.SuiteRunner.runSequentially(SuiteRunner.java:431) ~[testng-7.7.1.jar:7.7.1]
	at org.testng.SuiteRunner.privateRun(SuiteRunner.java:391) ~[testng-7.7.1.jar:7.7.1]
	at org.testng.SuiteRunner.run(SuiteRunner.java:330) ~[testng-7.7.1.jar:7.7.1]
	at org.testng.SuiteRunnerWorker.runSuite(SuiteRunnerWorker.java:52) ~[testng-7.7.1.jar:7.7.1]
	at org.testng.SuiteRunnerWorker.run(SuiteRunnerWorker.java:95) ~[testng-7.7.1.jar:7.7.1]
	at org.testng.TestNG.runSuitesSequentially(TestNG.java:1256) ~[testng-7.7.1.jar:7.7.1]
	at org.testng.TestNG.runSuitesLocally(TestNG.java:1176) ~[testng-7.7.1.jar:7.7.1]
	at org.testng.TestNG.runSuites(TestNG.java:1099) ~[testng-7.7.1.jar:7.7.1]
	at org.testng.TestNG.run(TestNG.java:1067) ~[testng-7.7.1.jar:7.7.1]
	at org.apache.maven.surefire.testng.TestNGExecutor.run(TestNGExecutor.java:136) ~[surefire-testng-3.0.0-M5.jar:3.0.0-M5]
	at org.apache.maven.surefire.testng.TestNGDirectoryTestSuite.executeSingleClass(TestNGDirectoryTestSuite.java:112) ~[surefire-testng-3.0.0-M5.jar:3.0.0-M5]
	at org.apache.maven.surefire.testng.TestNGDirectoryTestSuite.execute(TestNGDirectoryTestSuite.java:99) ~[surefire-testng-3.0.0-M5.jar:3.0.0-M5]
	at org.apache.maven.surefire.testng.TestNGProvider.invoke(TestNGProvider.java:145) ~[surefire-testng-3.0.0-M5.jar:3.0.0-M5]
	at org.apache.maven.surefire.booter.ForkedBooter.runSuitesInProcess(ForkedBooter.java:428) ~[surefire-booter-3.0.0-M5.jar:3.0.0-M5]
	at org.apache.maven.surefire.booter.ForkedBooter.execute(ForkedBooter.java:162) ~[surefire-booter-3.0.0-M5.jar:3.0.0-M5]
	at org.apache.maven.surefire.booter.ForkedBooter.run(ForkedBooter.java:562) ~[surefire-booter-3.0.0-M5.jar:3.0.0-M5]
	at org.apache.maven.surefire.booter.ForkedBooter.main(ForkedBooter.java:548) ~[surefire-booter-3.0.0-M5.jar:3.0.0-M5]
Caused by: org.apache.commons.io.IOIndexedException: IOException #0: Cannot delete file: C:\Users\Srikrushna Kumar\.cache\selenium\chromedriver
	at org.apache.commons.io.function.IOStream.lambda$forAll$11(IOStream.java:354) ~[commons-io-2.15.1.jar:2.15.1]
	at java.util.Spliterators$ArraySpliterator.forEachRemaining(Spliterators.java:992) ~[?:?]
	at java.util.stream.ReferencePipeline$Head.forEach(ReferencePipeline.java:762) ~[?:?]
	at org.apache.commons.io.function.IOStream.forAll(IOStream.java:345) ~[commons-io-2.15.1.jar:2.15.1]
	... 44 more
Caused by: java.io.IOException: Cannot delete file: C:\Users\Srikrushna Kumar\.cache\selenium\chromedriver
	at org.apache.commons.io.FileUtils.forceDelete(FileUtils.java:1336) ~[commons-io-2.15.1.jar:2.15.1]
	at org.apache.commons.io.function.IOStream.lambda$forAll$11(IOStream.java:347) ~[commons-io-2.15.1.jar:2.15.1]
	at java.util.Spliterators$ArraySpliterator.forEachRemaining(Spliterators.java:992) ~[?:?]
	at java.util.stream.ReferencePipeline$Head.forEach(ReferencePipeline.java:762) ~[?:?]
	at org.apache.commons.io.function.IOStream.forAll(IOStream.java:345) ~[commons-io-2.15.1.jar:2.15.1]
	... 44 more
Caused by: java.nio.file.AccessDeniedException: C:\Users\Srikrushna Kumar\.cache\selenium\chromedriver\win64\128.0.6613.137\chromedriver.exe
	at sun.nio.fs.WindowsException.translateToIOException(WindowsException.java:89) ~[?:?]
	at sun.nio.fs.WindowsException.rethrowAsIOException(WindowsException.java:103) ~[?:?]
	at sun.nio.fs.WindowsException.rethrowAsIOException(WindowsException.java:108) ~[?:?]
	at sun.nio.fs.WindowsFileSystemProvider.implDelete(WindowsFileSystemProvider.java:275) ~[?:?]
	at sun.nio.fs.AbstractFileSystemProvider.deleteIfExists(AbstractFileSystemProvider.java:110) ~[?:?]
	at java.nio.file.Files.deleteIfExists(Files.java:1191) ~[?:?]
	at org.apache.commons.io.file.DeletingPathVisitor.visitFile(DeletingPathVisitor.java:159) ~[commons-io-2.15.1.jar:2.15.1]
	at org.apache.commons.io.file.DeletingPathVisitor.visitFile(DeletingPathVisitor.java:37) ~[commons-io-2.15.1.jar:2.15.1]
	at java.nio.file.Files.walkFileTree(Files.java:2811) ~[?:?]
	at java.nio.file.Files.walkFileTree(Files.java:2882) ~[?:?]
	at org.apache.commons.io.file.PathUtils.visitFileTree(PathUtils.java:1653) ~[commons-io-2.15.1.jar:2.15.1]
	at org.apache.commons.io.file.PathUtils.deleteDirectory(PathUtils.java:516) ~[commons-io-2.15.1.jar:2.15.1]
	at org.apache.commons.io.file.PathUtils.delete(PathUtils.java:475) ~[commons-io-2.15.1.jar:2.15.1]
	at org.apache.commons.io.FileUtils.forceDelete(FileUtils.java:1333) ~[commons-io-2.15.1.jar:2.15.1]
	at org.apache.commons.io.function.IOStream.lambda$forAll$11(IOStream.java:347) ~[commons-io-2.15.1.jar:2.15.1]
	at java.util.Spliterators$ArraySpliterator.forEachRemaining(Spliterators.java:992) ~[?:?]
	at java.util.stream.ReferencePipeline$Head.forEach(ReferencePipeline.java:762) ~[?:?]
	at org.apache.commons.io.function.IOStream.forAll(IOStream.java:345) ~[commons-io-2.15.1.jar:2.15.1]
	... 44 more
11:03:49.330 [main] INFO  io.github.bonigarcia.wdm.WebDriverManager - Using chromedriver 128.0.6613.137 (resolved driver for Chrome 128)
11:03:49.382 [main] INFO  io.github.bonigarcia.wdm.WebDriverManager - Exporting webdriver.chrome.driver as C:\Users\Srikrushna Kumar\.cache\selenium\chromedriver\win64\128.0.6613.137\chromedriver.exe
11:03:49.548 [main] INFO  io.github.bonigarcia.wdm.WebDriverManager - Using chromedriver 128.0.6613.137 (resolved driver for Chrome 128)
11:03:49.559 [main] INFO  io.github.bonigarcia.wdm.WebDriverManager - Exporting webdriver.chrome.driver as C:\Users\Srikrushna Kumar\.cache\selenium\chromedriver\win64\128.0.6613.137\chromedriver.exe
11:03:51.117 [main] INFO  tests.BaseTest - Driver initialization finished
Attempted login with: Admin
]]></system-out>
    <system-err><![CDATA[SLF4J: Class path contains multiple SLF4J bindings.
SLF4J: Found binding in [jar:file:/C:/Users/Srikrushna%20Kumar/.m2/repository/org/apache/logging/log4j/log4j-slf4j-impl/2.17.2/log4j-slf4j-impl-2.17.2.jar!/org/slf4j/impl/StaticLoggerBinder.class]
SLF4J: Found binding in [jar:file:/C:/Users/Srikrushna%20Kumar/.m2/repository/ch/qos/logback/logback-classic/1.2.6/logback-classic-1.2.6.jar!/org/slf4j/impl/StaticLoggerBinder.class]
SLF4J: See http://www.slf4j.org/codes.html#multiple_bindings for an explanation.
SLF4J: Actual binding is of type [org.apache.logging.slf4j.Log4jLoggerFactory]
Sep 15, 2024 11:03:51 AM org.openqa.selenium.devtools.CdpVersionFinder findNearestMatch
WARNING: Unable to find CDP implementation matching 128
Sep 15, 2024 11:03:51 AM org.openqa.selenium.chromium.ChromiumDriver lambda$new$5
WARNING: Unable to find version of CDP to use for 128.0.6613.138. You may need to include a dependency on a specific version of the CDP using something similar to `org.seleniumhq.selenium:selenium-devtools-v86:4.11.0` where the version ("v86") matches the version of the chromium-based browser you're using and the version number of the artifact is the same as Selenium's.
]]></system-err>
  </testcase>
</testsuite>